+------------------------------+
| section                      |
+------------------------------+
| user_membership_status cols: |
+------------------------------+
+------------------------+-------------------------------------------------+------+-----+-------------------+-----------------------------+
| Field                  | Type                                            | Null | Key | Default           | Extra                       |
+------------------------+-------------------------------------------------+------+-----+-------------------+-----------------------------+
| id                     | int(11)                                         | NO   | PRI | NULL              | auto_increment              |
| user_id                | int(11)                                         | NO   | UNI | NULL              |                             |
| is_new_member          | tinyint(1)                                      | YES  |     | 1                 |                             |
| first_membership_cycle | int(11)                                         | YES  |     | NULL              |                             |
| current_cycle_year     | int(11)                                         | NO   |     | NULL              |                             |
| status                 | enum('active','inactive','suspended','expired') | YES  |     | active            |                             |
| payment_status         | enum('paid','grace_period','overdue','pending') | YES  |     | pending           |                             |
| last_payment_date      | datetime                                        | YES  |     | NULL              |                             |
| next_due_date          | date                                            | YES  |     | NULL              |                             |
| created_at             | timestamp                                       | NO   |     | CURRENT_TIMESTAMP |                             |
| updated_at             | timestamp                                       | NO   |     | CURRENT_TIMESTAMP | on update CURRENT_TIMESTAMP |
+------------------------+-------------------------------------------------+------+-----+-------------------+-----------------------------+
+-------------------+
| section           |
+-------------------+
| memberships cols: |
+-------------------+
+-------------------+------------------------------------------------+------+-----+-------------------+-----------------------------+
| Field             | Type                                           | Null | Key | Default           | Extra                       |
+-------------------+------------------------------------------------+------+-----+-------------------+-----------------------------+
| id                | int(11)                                        | NO   | PRI | NULL              | auto_increment              |
| user_id           | int(11)                                        | NO   | UNI | NULL              |                             |
| membership_number | varchar(20)                                    | NO   |     | NULL              |                             |
| membership_type   | enum('personal','organization')                | NO   |     | NULL              |                             |
| status            | enum('active','expired','suspended','pending') | NO   | MUL | pending           |                             |
| joined_date       | date                                           | NO   |     | NULL              |                             |
| expiry_date       | date                                           | NO   | MUL | NULL              |                             |
| payment_status    | enum('paid','pending','overdue','cancelled')   | NO   |     | pending           |                             |
| payment_date      | date                                           | YES  |     | NULL              |                             |
| amount_paid       | decimal(10,2)                                  | YES  |     | 0.00              |                             |
| created_at        | timestamp                                      | NO   |     | CURRENT_TIMESTAMP |                             |
| updated_at        | timestamp                                      | NO   |     | CURRENT_TIMESTAMP | on update CURRENT_TIMESTAMP |
| payment_method    | varchar(50)                                    | YES  |     | NULL              |                             |
| reference         | varchar(100)                                   | YES  |     | NULL              |                             |
| payment_reference | varchar(100)                                   | YES  |     | NULL              |                             |
| cycle_year        | int(11)                                        | YES  |     | NULL              |                             |
| is_new_user_cycle | tinyint(1)                                     | YES  |     | 0                 |                             |
| penalty_amount    | decimal(10,2)                                  | YES  |     | 0.00              |                             |
+-------------------+------------------------------------------------+------+-----+-------------------+-----------------------------+
+------------------------------------------+
| section                                  |
+------------------------------------------+
| user_profiles row containing TLA2633387: |
+------------------------------------------+
+---------------------------------------------+
| section                                     |
+---------------------------------------------+
| any user_membership_status rows (first 15): |
+---------------------------------------------+
+----+---------+---------------+------------------------+--------------------+---------+----------------+---------------------+---------------+---------------------+---------------------+
| id | user_id | is_new_member | first_membership_cycle | current_cycle_year | status  | payment_status | last_payment_date   | next_due_date | created_at          | updated_at          |
+----+---------+---------------+------------------------+--------------------+---------+----------------+---------------------+---------------+---------------------+---------------------+
| 17 |      42 |             0 |                   2026 |               2028 | active  | paid           | 2026-05-13 00:00:00 | 2027-01-31    | 2026-05-13 23:12:13 | 2026-05-14 00:01:34 |
| 15 |      40 |             0 |                   2026 |               2026 | expired | paid           | 2026-01-27 00:00:00 | 2026-01-31    | 2026-05-13 23:12:13 | 2026-05-13 23:12:13 |
| 14 |      39 |             0 |                   2026 |               2026 | expired | paid           | 2026-01-27 00:00:00 | 2026-01-31    | 2026-05-13 23:12:13 | 2026-05-13 23:12:13 |
| 16 |      34 |             0 |                   2025 |               2025 | expired | paid           | 2026-01-27 00:00:00 | 2026-01-31    | 2026-05-13 23:12:13 | 2026-05-13 23:12:13 |
| 12 |      29 |             0 |                   2026 |               2026 | active  | paid           | 2026-01-21 00:00:00 | 2027-01-31    | 2026-05-13 23:12:13 | 2026-05-13 23:12:13 |
| 11 |      28 |             0 |                   2026 |               2026 | expired | paid           | 2026-01-16 00:00:00 | 2026-01-31    | 2026-05-13 23:12:13 | 2026-05-13 23:12:13 |
| 10 |      27 |             0 |                   2026 |               2026 | expired | paid           | 2026-01-16 00:00:00 | 2026-01-31    | 2026-05-13 23:12:13 | 2026-05-13 23:12:13 |
|  5 |      26 |             1 |                   NULL |               2026 | expired | paid           | 2026-01-15 00:00:00 | 2026-01-31    | 2026-05-13 23:12:13 | 2026-05-13 23:12:13 |
| 13 |      25 |             0 |                   2026 |               2026 | expired | paid           | 2026-01-21 00:00:00 | 2026-01-31    | 2026-05-13 23:12:13 | 2026-05-13 23:12:13 |
|  9 |      23 |             0 |                   2026 |               2026 | expired | paid           | 2026-01-16 00:00:00 | 2026-01-31    | 2026-05-13 23:12:13 | 2026-05-13 23:12:13 |
|  8 |      19 |             0 |                   2026 |               2026 | expired | paid           | 2026-01-16 00:00:00 | 2026-01-31    | 2026-05-13 23:12:13 | 2026-05-13 23:12:13 |
|  4 |      13 |             1 |                   NULL |               2026 | expired | paid           | 2026-01-02 00:00:00 | 2026-01-31    | 2026-05-13 23:12:13 | 2026-05-13 23:12:13 |
|  6 |       9 |             0 |                   2026 |               2026 | expired | paid           | 2026-01-15 00:00:00 | 2026-01-31    | 2026-05-13 23:12:13 | 2026-05-13 23:12:13 |
|  3 |       8 |             1 |                   NULL |               2026 | expired | paid           | 2025-12-03 00:00:00 | 2026-01-31    | 2026-05-13 23:12:13 | 2026-05-13 23:12:13 |
|  2 |       6 |             1 |                   NULL |               2026 | expired | paid           | 2025-12-22 00:00:00 | 2026-01-31    | 2026-05-13 23:12:13 | 2026-05-13 23:12:13 |
+----+---------+---------------+------------------------+--------------------+---------+----------------+---------------------+---------------+---------------------+---------------------+
