ERROR 1054 (42S22) at line 8: Unknown column 'membership_number' in 'field list'
+------------------------+
| section                |
+------------------------+
| memberships LIKE TLA*: |
+------------------------+
+----+---------+-------------------+-------------+----------------+---------------------+
| id | user_id | membership_number | expiry_date | payment_status | updated_at          |
+----+---------+-------------------+-------------+----------------+---------------------+
| 37 |      42 | TLA2644349        | 2029-01-31  | paid           | 2026-05-14 00:01:34 |
| 31 |      28 | TLA2643984        | 2027-01-31  | paid           | 2026-05-13 23:49:05 |
| 29 |      27 | TLA2628427        | 2027-01-31  | paid           | 2026-05-13 23:49:05 |
| 27 |      23 | TLA2630345        | 2027-01-31  | paid           | 2026-05-13 23:49:05 |
| 26 |      19 | TLA2668070        | 2027-01-31  | paid           | 2026-05-13 23:49:05 |
| 33 |      25 | TLA2600013        | 2027-01-31  | paid           | 2026-05-13 23:49:05 |
| 20 |       9 | TLA2651360        | 2027-01-31  | paid           | 2026-05-13 23:49:05 |
| 35 |      40 | TLA2600015        | 2027-01-31  | paid           | 2026-05-13 23:49:05 |
| 34 |      39 | TLA2600014        | 2027-01-31  | paid           | 2026-05-13 23:49:05 |
|  4 |       8 | TLA2500009        | 2026-01-31  | paid           | 2026-05-13 23:11:50 |
+----+---------+-------------------+-------------+----------------+---------------------+
+-------------------------+
| section                 |
+-------------------------+
| user_membership_status: |
+-------------------------+
