+--------------+
| section      |
+--------------+
| memberships: |
+--------------+
+-----------------------------------+
| section                           |
+-----------------------------------+
| payments (last 10 for that user): |
+-----------------------------------+
+-----------------------+
| section               |
+-----------------------+
| cycle_payment_status: |
+-----------------------+
+----------------------+
| section              |
+----------------------+
| membership_payments: |
+----------------------+
