+--------------------+
| section            |
+--------------------+
| memberships exact: |
+--------------------+
+----------------------+
| section              |
+----------------------+
| user_profiles exact: |
+----------------------+
+----------------------------+
| section                    |
+----------------------------+
| any TLA% in user_profiles: |
+----------------------------+
+---------+-------------------+-------------------+------------+
| user_id | membership_number | membership_status | join_date  |
+---------+-------------------+-------------------+------------+
|      42 | TLA202571493      | active            | 2026-01-26 |
|      41 | TLA202533705      | active            | 2026-01-27 |
|      40 | TLA202663286      | active            | 2026-01-26 |
|      39 | TLA202642805      | active            | 2026-01-26 |
|      29 | TLA2607284        | active            | 2026-01-15 |
|      28 | TLA000028         | Active            | 2026-01-16 |
|      26 | TLA2687954        | Active            | 2026-01-15 |
|      25 | TLA2631887        | Active            | 2026-01-12 |
|      24 | TLA2623787        | Active            | 2026-01-12 |
|      23 | TLA2691594        | Active            | 2026-01-08 |
|      19 | TLA216102         | Active            | 2026-01-05 |
|      13 | TLA2671130        | Active            | 2025-12-31 |
|      12 | TLA2637742        | Active            | 2025-12-30 |
|      11 | TLA2500115        | Active            | 2025-12-30 |
|       9 | TLA2500016        | Active            | 2025-12-27 |
+---------+-------------------+-------------------+------------+
