+----------------------------------------------+
| section                                      |
+----------------------------------------------+
| paid payments with cycle metadata (last 15): |
+----------------------------------------------+
+-----+---------+--------------------+-----------+----------+------------+-------------------+-------------+---------------------+
| id  | user_id | reference          | status    | amount   | cycle_year | target_cycle_year | cycle_count | paid_at             |
+-----+---------+--------------------+-----------+----------+------------+-------------------+-------------+---------------------+
| 118 |      42 | TEST-1778706091862 | completed | 30000.00 |       2028 |              2028 |           1 | 2026-05-14 00:01:31 |
| 117 |      42 | TEST-1778705083596 | completed | 30000.00 |       2027 |              2027 |           1 | 2026-05-13 23:44:43 |
| 116 |      42 | TEST-1778703944941 | completed | 40000.00 |       2026 |              NULL |           1 | 2026-05-13 23:25:44 |
| 115 |      42 | TEST-1778699861241 | completed | 40000.00 |       2026 |              NULL |           1 | 2026-05-13 22:17:41 |
| 114 |      42 | TEST-1778698769235 | completed | 40000.00 |       2026 |              NULL |           1 | 2026-05-13 21:59:29 |
| 113 |      42 | TEST-1778698572130 | completed | 40000.00 |       2026 |              NULL |           1 | 2026-05-13 21:56:12 |
| 112 |      42 | TEST-1778667061957 | completed | 40000.00 |       2026 |              NULL |           1 | 2026-05-13 13:11:01 |
| 111 |      42 | TEST-1778665677136 | completed | 40000.00 |       2026 |              NULL |           1 | 2026-05-13 12:47:57 |
| 110 |      42 | TEST-1778665525835 | completed | 40000.00 |       2026 |              NULL |           1 | 2026-05-13 12:45:25 |
| 109 |      42 | TEST-1778662614166 | completed | 40000.00 |       2026 |              NULL |           1 | 2026-05-13 11:56:54 |
| 108 |      42 | TEST-1778587472740 | completed | 40000.00 |       2026 |              NULL |           1 | 2026-05-12 15:04:32 |
| 107 |      42 | TEST-1778587422684 | completed | 40000.00 |       2026 |              NULL |           1 | 2026-05-12 15:03:42 |
| 106 |      42 | TEST-1778587299845 | completed | 40000.00 |       2026 |              NULL |           1 | 2026-05-12 15:01:39 |
| 105 |      42 | TEST-1778587190423 | completed | 40000.00 |       2026 |              NULL |           1 | 2026-05-12 14:59:50 |
| 104 |      42 | TEST-1778587006839 | completed | 40000.00 |       2026 |              NULL |           1 | 2026-05-12 14:56:47 |
+-----+---------+--------------------+-----------+----------+------------+-------------------+-------------+---------------------+
+-----------------------------------+
| section                           |
+-----------------------------------+
| memberships rows for those users: |
+-----------------------------------+
+---------+-------------------+-------------+----------------+---------------------+
| user_id | membership_number | expiry_date | payment_status | updated_at          |
+---------+-------------------+-------------+----------------+---------------------+
|      42 | TLA2644349        | 2029-01-31  | paid           | 2026-05-14 00:01:34 |
+---------+-------------------+-------------+----------------+---------------------+
+-------------------------------------+
| section                             |
+-------------------------------------+
| paid users WITHOUT memberships row: |
+-------------------------------------+
